2024-11-17 03:02:43,078 [DEBUG]  Available web server routes: 
/conversations/<conversation_id:path>/messages     POST                           add_message
/conversations/<conversation_id:path>/tracker/events POST                           append_events
/webhooks/rasa                                     GET                            custom_webhook_RasaChatInput.health
/webhooks/rasa/webhook                             POST                           custom_webhook_RasaChatInput.receive
/webhooks/rest                                     GET                            custom_webhook_RestInput.health
/webhooks/rest/webhook                             POST                           custom_webhook_RestInput.receive
/model/test/intents                                POST                           evaluate_intents
/model/test/stories                                POST                           evaluate_stories
/conversations/<conversation_id:path>/execute      POST                           execute_action
/domain                                            GET                            get_domain
/                                                  GET                            hello
/model                                             PUT                            load_model
/model/parse                                       POST                           parse
/conversations/<conversation_id:path>/predict      POST                           predict
/conversations/<conversation_id:path>/tracker/events PUT                            replace_events
/conversations/<conversation_id:path>/story        GET                            retrieve_story
/conversations/<conversation_id:path>/tracker      GET                            retrieve_tracker
/status                                            GET                            status
/model/predict                                     POST                           tracker_predict
/model/train                                       POST                           train
/conversations/<conversation_id:path>/trigger_intent POST                           trigger_intent
/model                                             DELETE                         unload_model
/version                                           GET                            version
2024-11-17 03:02:43,079 [INFO ]  Starting Rasa server on http://0.0.0.0:5005
2024-11-17 03:02:43,080 [DEBUG]  Using the default number of Sanic workers (1).
2024-11-17 03:02:43,658 [DEBUG]  Skipping telemetry reporting: no license hash found.
2024-11-17 03:02:43,708 [DEBUG]  Connected to InMemoryTrackerStore.
2024-11-17 03:02:43,709 [DEBUG]  Connected to lock store 'InMemoryLockStore'.
2024-11-17 03:02:43,709 [DEBUG]  Instantiated NLG to 'TemplatedNaturalLanguageGenerator'.
2024-11-17 03:02:43,710 [INFO ]  Loading model models/20241117-030132-kinetic-coriander.tar.gz...
2024-11-17 03:02:44,190 [DEBUG]  Extracted model to '/tmp/tmplu_qqdm5'.
2024-11-17 03:02:44,193 [DEBUG]  Node 'nlu_message_converter' loading 'NLUMessageConverter.load' and kwargs: '{}'.
2024-11-17 03:02:44,194 [DEBUG]  Node 'run_WhitespaceTokenizer0' loading 'WhitespaceTokenizer.load' and kwargs: '{}'.
2024-11-17 03:02:44,198 [DEBUG]  Node 'run_RegexFeaturizer1' loading 'RegexFeaturizer.load' and kwargs: '{}'.
2024-11-17 03:02:44,199 [DEBUG]  Resource 'train_RegexFeaturizer1' was requested for reading.
2024-11-17 03:02:44,199 [DEBUG]  Node 'run_LexicalSyntacticFeaturizer2' loading 'LexicalSyntacticFeaturizer.load' and kwargs: '{}'.
2024-11-17 03:02:44,199 [DEBUG]  Resource 'train_LexicalSyntacticFeaturizer2' was requested for reading.
2024-11-17 03:02:44,202 [DEBUG]  Node 'run_CountVectorsFeaturizer3' loading 'CountVectorsFeaturizer.load' and kwargs: '{}'.
2024-11-17 03:02:44,202 [DEBUG]  Resource 'train_CountVectorsFeaturizer3' was requested for reading.
2024-11-17 03:02:44,204 [DEBUG]  Node 'run_DIETClassifier4' loading 'DIETClassifier.load' and kwargs: '{}'.
2024-11-17 03:02:44,204 [DEBUG]  Resource 'train_DIETClassifier4' was requested for reading.
2024-11-17 03:02:44,206 [DEBUG]  Loading the model from /tmp/tmp6ljdwuct/train_DIETClassifier4/DIETClassifier.tf_model with finetune_mode=False...
2024-11-17 03:02:44,275 [DEBUG]  You specified 'DIET' to train entities, but no entities are present in the training data. Skipping training of entities.
2024-11-17 03:02:44,328 [DEBUG]  Following metrics will be logged during training: 
2024-11-17 03:02:44,329 [DEBUG]    t_loss (total loss)
2024-11-17 03:02:44,329 [DEBUG]    i_acc (intent acc)
2024-11-17 03:02:44,329 [DEBUG]    i_loss (intent loss)
2024-11-17 03:03:01,082 [DEBUG]  Finished loading the model.
2024-11-17 03:03:01,083 [DEBUG]  Node 'run_EntitySynonymMapper5' loading 'EntitySynonymMapper.load' and kwargs: '{}'.
2024-11-17 03:03:01,083 [DEBUG]  Resource 'train_EntitySynonymMapper5' was requested for reading.
2024-11-17 03:03:01,084 [DEBUG]  Failed to load ABCMeta from model storage. Resource 'train_EntitySynonymMapper5' doesn't exist.
2024-11-17 03:03:01,084 [DEBUG]  Node 'run_ResponseSelector6' loading 'ResponseSelector.load' and kwargs: '{}'.
2024-11-17 03:03:01,085 [DEBUG]  Resource 'train_ResponseSelector6' was requested for reading.
2024-11-17 03:03:01,085 [DEBUG]  Failed to load ABCMeta from model storage. Resource 'train_ResponseSelector6' doesn't exist.
2024-11-17 03:03:01,085 [DEBUG]  Resource 'train_ResponseSelector6' was requested for reading.
2024-11-17 03:03:01,086 [DEBUG]  Failed to load ResponseSelector from model storage. Resource 'train_ResponseSelector6' doesn't exist.
2024-11-17 03:03:01,086 [DEBUG]  Node 'run_FallbackClassifier7' loading 'FallbackClassifier.load' and kwargs: '{}'.
2024-11-17 03:03:01,088 [DEBUG]  Node 'run_RegexMessageHandler' loading 'RegexMessageHandler.load' and kwargs: '{}'.
2024-11-17 03:03:01,088 [DEBUG]  Node 'domain_provider' loading 'DomainProvider.load' and kwargs: '{}'.
2024-11-17 03:03:01,089 [DEBUG]  Resource 'domain_provider' was requested for reading.
2024-11-17 03:03:01,124 [DEBUG]  Node 'run_MemoizationPolicy0' loading 'MemoizationPolicy.load' and kwargs: '{}'.
2024-11-17 03:03:01,124 [DEBUG]  Resource 'train_MemoizationPolicy0' was requested for reading.
2024-11-17 03:03:01,125 [DEBUG]  Node 'run_RulePolicy1' loading 'RulePolicy.load' and kwargs: '{}'.
2024-11-17 03:03:01,125 [DEBUG]  Resource 'train_RulePolicy1' was requested for reading.
2024-11-17 03:03:01,126 [DEBUG]  Node 'run_UnexpecTEDIntentPolicy2' loading 'UnexpecTEDIntentPolicy.load' and kwargs: '{}'.
2024-11-17 03:03:01,126 [DEBUG]  Resource 'train_UnexpecTEDIntentPolicy2' was requested for reading.
2024-11-17 03:03:01,130 [DEBUG]  Loading the model from /tmp/tmp6ljdwuct/train_UnexpecTEDIntentPolicy2/unexpected_intent_policy.tf_model with finetune_mode=False...
2024-11-17 03:03:21,937 [DEBUG]  Finished loading the model.
2024-11-17 03:03:21,937 [WARNI]  The UnexpecTED Intent Policy is currently experimental and might change or be removed in the future 🔬 Please share your feedback on it in the forum (https://forum.rasa.com) to help us make this feature ready for production.
2024-11-17 03:03:21,938 [DEBUG]  Node 'run_TEDPolicy3' loading 'TEDPolicy.load' and kwargs: '{}'.
2024-11-17 03:03:21,938 [DEBUG]  Resource 'train_TEDPolicy3' was requested for reading.
2024-11-17 03:03:21,940 [DEBUG]  Loading the model from /tmp/tmp6ljdwuct/train_TEDPolicy3/ted_policy.tf_model with finetune_mode=False...
2024-11-17 03:03:44,056 [DEBUG]  Finished loading the model.
2024-11-17 03:03:44,058 [DEBUG]  Node 'rule_only_data_provider' loading 'RuleOnlyDataProvider.load' and kwargs: '{}'.
2024-11-17 03:03:44,058 [DEBUG]  Resource 'train_RulePolicy1' was requested for reading.
2024-11-17 03:03:44,059 [DEBUG]  Node 'select_prediction' loading 'DefaultPolicyPredictionEnsemble.load' and kwargs: '{}'.
2024-11-17 03:03:44,070 [INFO ]  Rasa server is up and running.
2024-11-17 03:03:44,082 [INFO ]  Enabling coroutine debugging. Loop id 111065424.
2024-11-17 03:03:50,855 [DEBUG]  Issuing ticket for conversation 'PractikumStudent'.
2024-11-17 03:03:50,856 [DEBUG]  Acquiring lock for conversation 'PractikumStudent'.
2024-11-17 03:03:50,856 [DEBUG]  Acquired lock for conversation 'PractikumStudent'.
2024-11-17 03:03:50,856 [DEBUG]  Could not find tracker for conversation ID 'PractikumStudent'.
2024-11-17 03:03:50,857 [DEBUG]  No event broker configured. Skipping streaming events.
2024-11-17 03:03:50,857 [DEBUG]  Starting a new session for conversation ID 'PractikumStudent'.
2024-11-17 03:03:50,862 [DEBUG]  [[32m[1mdebug    [0m] [1mprocessor.actions.policy_prediction[0m [36mprediction_events[0m=[35m[][0m
2024-11-17 03:03:50,862 [DEBUG]  [[32m[1mdebug    [0m] [1mprocessor.actions.log         [0m [36maction_name[0m=[35maction_session_start[0m [36mrasa_events[0m=[35m[<rasa.shared.core.events.SessionStarted object at 0x7ff544acfa30>, ActionExecuted(action: action_listen, policy: None, confidence: None)][0m
2024-11-17 03:03:50,863 [DEBUG]  [[32m[1mdebug    [0m] [1mprocessor.slots.log           [0m [36mslot_values[0m=[35m	topic: None
	session_started_metadata: None[0m
2024-11-17 03:03:50,863 [DEBUG]  Running graph with inputs: {'__message__': [<rasa.core.channels.channel.UserMessage object at 0x7ff5451ffbe0>], '__tracker__': <rasa.shared.core.trackers.DialogueStateTracker object at 0x7ff5452d75e0>}, targets: ['run_RegexMessageHandler'] and ExecutionContext(model_id='d31c51637f2c4c7c826bd90f56678918', should_add_diagnostic_data=False, is_finetuning=False, node_name=None).
2024-11-17 03:03:50,865 [DEBUG]  Node 'nlu_message_converter' running 'NLUMessageConverter.convert_user_message'.
2024-11-17 03:03:50,866 [DEBUG]  Node 'run_WhitespaceTokenizer0' running 'WhitespaceTokenizer.process'.
2024-11-17 03:03:50,877 [DEBUG]  Node 'run_RegexFeaturizer1' running 'RegexFeaturizer.process'.
2024-11-17 03:03:50,877 [DEBUG]  Node 'run_LexicalSyntacticFeaturizer2' running 'LexicalSyntacticFeaturizer.process'.
2024-11-17 03:03:50,878 [DEBUG]  Node 'run_CountVectorsFeaturizer3' running 'CountVectorsFeaturizer.process'.
2024-11-17 03:03:50,880 [DEBUG]  Node 'run_DIETClassifier4' running 'DIETClassifier.process'.
2024-11-17 03:03:51,379 [DEBUG]  Node 'run_EntitySynonymMapper5' running 'EntitySynonymMapper.process'.
2024-11-17 03:03:51,380 [DEBUG]  Node 'run_ResponseSelector6' running 'ResponseSelector.process'.
2024-11-17 03:03:51,380 [DEBUG]  There is no trained model for 'ResponseSelector': The component is either not trained or didn't receive enough training data.
2024-11-17 03:03:51,380 [DEBUG]  Adding following selector key to message property: default
2024-11-17 03:03:51,380 [DEBUG]  Node 'run_FallbackClassifier7' running 'FallbackClassifier.process'.
2024-11-17 03:03:51,381 [DEBUG]  Node 'domain_provider' running 'DomainProvider.provide_inference'.
2024-11-17 03:03:51,381 [DEBUG]  Node 'run_RegexMessageHandler' running 'RegexMessageHandler.process'.
2024-11-17 03:03:51,381 [DEBUG]  [[32m[1mdebug    [0m] [1mprocessor.message.parse       [0m [36mparse_data_entities[0m=[35m[][0m [36mparse_data_intent[0m=[35m{'name': 'greet', 'confidence': 0.9999988079071045}[0m [36mparse_data_text[0m=[35mПривет[0m
2024-11-17 03:03:51,382 [DEBUG]  Logged UserUtterance - tracker now has 4 events.
2024-11-17 03:03:51,384 [DEBUG]  Validating extracted slots: topic
2024-11-17 03:03:51,385 [DEBUG]  [[32m[1mdebug    [0m] [1mprocessor.extract.slots       [0m [36maction_extract_slot[0m=[35maction_extract_slots[0m [36mlen_extraction_events[0m=[35m1[0m [36mrasa_events[0m=[35m[SlotSet(key: topic, value: Привет)][0m
2024-11-17 03:03:51,385 [DEBUG]  Running graph with inputs: {'__tracker__': <rasa.shared.core.trackers.DialogueStateTracker object at 0x7ff5452d75e0>}, targets: ['select_prediction'] and ExecutionContext(model_id='d31c51637f2c4c7c826bd90f56678918', should_add_diagnostic_data=False, is_finetuning=False, node_name=None).
2024-11-17 03:03:51,386 [DEBUG]  Node 'rule_only_data_provider' running 'RuleOnlyDataProvider.provide'.
2024-11-17 03:03:51,386 [DEBUG]  Node 'domain_provider' running 'DomainProvider.provide_inference'.
2024-11-17 03:03:51,387 [DEBUG]  Node 'run_MemoizationPolicy0' running 'MemoizationPolicy.predict_action_probabilities'.
2024-11-17 03:03:51,387 [DEBUG]  [[32m[1mdebug    [0m] [1mmemoization.predict.actions   [0m [36mtracker_states[0m=[35m[{}, {'user': {'intent': 'greet'}, 'prev_action': {'action_name': 'action_listen'}}][0m
2024-11-17 03:03:51,388 [DEBUG]  There is a memorised next action 'utter_greet'
2024-11-17 03:03:51,388 [DEBUG]  Node 'run_RulePolicy1' running 'RulePolicy.predict_action_probabilities'.
2024-11-17 03:03:51,389 [DEBUG]  [[32m[1mdebug    [0m] [1mrule_policy.actions.find      [0m [36mcurrent_states[0m=[35m
[state 1] user text: Привет | previous action name: action_listen[0m
2024-11-17 03:03:51,389 [DEBUG]  There is no applicable rule.
2024-11-17 03:03:51,390 [DEBUG]  [[32m[1mdebug    [0m] [1mrule_policy.actions.find      [0m [36mcurrent_states[0m=[35m
[state 1] user intent: greet | previous action name: action_listen[0m
2024-11-17 03:03:51,390 [DEBUG]  There is a rule for the next action 'utter_greet'.
2024-11-17 03:03:51,390 [DEBUG]  Node 'run_TEDPolicy3' running 'TEDPolicy.predict_action_probabilities'.
2024-11-17 03:03:51,399 [DEBUG]  TED predicted 'utter_greet' based on user intent.
2024-11-17 03:03:51,399 [DEBUG]  Node 'run_UnexpecTEDIntentPolicy2' running 'UnexpecTEDIntentPolicy.predict_action_probabilities'.
2024-11-17 03:03:51,833 [DEBUG]  Querying for intent `greet`.
2024-11-17 03:03:51,834 [DEBUG]  Score for intent `greet` is `1.3093316555023193`, while threshold is `-1.2611284255981445`.
2024-11-17 03:03:51,834 [DEBUG]  Top 5 intents (in ascending order) that are likely here are: `[('ask_architecture', -1.2306488), ('greet', 1.3093317), ('goodbye', 1.483592), ('request_info', 1.5524441), ('ask_microservice_architecture', 2.3162868)]`.
2024-11-17 03:03:51,834 [DEBUG]  Node 'select_prediction' running 'DefaultPolicyPredictionEnsemble.combine_predictions_from_kwargs'.
2024-11-17 03:03:51,835 [DEBUG]  Made prediction using user intent.
2024-11-17 03:03:51,835 [DEBUG]  Added `DefinePrevUserUtteredFeaturization(False)` event.
2024-11-17 03:03:51,835 [DEBUG]  Predicted next action using RulePolicy.
2024-11-17 03:03:51,835 [DEBUG]  Predicted next action 'utter_greet' with confidence 1.00.
2024-11-17 03:03:51,836 [DEBUG]  [[32m[1mdebug    [0m] [1mprocessor.actions.policy_prediction[0m [36mprediction_events[0m=[35m[<rasa.shared.core.events.DefinePrevUserUtteredFeaturization object at 0x7ff521fefa00>][0m
2024-11-17 03:03:51,837 [DEBUG]  [[32m[1mdebug    [0m] [1mprocessor.actions.log         [0m [36maction_name[0m=[35mutter_greet[0m [36mrasa_events[0m=[35m[BotUttered('Привет! Чем могу помочь в области архитектуры программного обеспечения?', {"elements": null, "quick_replies": null, "buttons": null, "attachment": null, "image": null, "custom": null}, {"utter_action": "utter_greet"}, 1731787431.836679)][0m
2024-11-17 03:03:51,837 [DEBUG]  Running graph with inputs: {'__tracker__': <rasa.shared.core.trackers.DialogueStateTracker object at 0x7ff5452d75e0>}, targets: ['select_prediction'] and ExecutionContext(model_id='d31c51637f2c4c7c826bd90f56678918', should_add_diagnostic_data=False, is_finetuning=False, node_name=None).
2024-11-17 03:03:51,838 [DEBUG]  Node 'rule_only_data_provider' running 'RuleOnlyDataProvider.provide'.
2024-11-17 03:03:51,838 [DEBUG]  Node 'domain_provider' running 'DomainProvider.provide_inference'.
2024-11-17 03:03:51,838 [DEBUG]  Node 'run_MemoizationPolicy0' running 'MemoizationPolicy.predict_action_probabilities'.
2024-11-17 03:03:51,839 [DEBUG]  [[32m[1mdebug    [0m] [1mmemoization.predict.actions   [0m [36mtracker_states[0m=[35m[{}, {'user': {'intent': 'greet'}, 'prev_action': {'action_name': 'action_listen'}}, {'user': {'intent': 'greet'}, 'prev_action': {'action_name': 'utter_greet'}}][0m
2024-11-17 03:03:51,839 [DEBUG]  There is a memorised next action 'action_listen'
2024-11-17 03:03:51,839 [DEBUG]  Node 'run_RulePolicy1' running 'RulePolicy.predict_action_probabilities'.
2024-11-17 03:03:51,840 [DEBUG]  [[32m[1mdebug    [0m] [1mrule_policy.actions.find      [0m [36mcurrent_states[0m=[35m
[state 1] user intent: greet | previous action name: action_listen
[state 2] user intent: greet | previous action name: utter_greet[0m
2024-11-17 03:03:51,840 [DEBUG]  There is a rule for the next action 'action_listen'.
2024-11-17 03:03:51,841 [DEBUG]  Node 'run_TEDPolicy3' running 'TEDPolicy.predict_action_probabilities'.
2024-11-17 03:03:51,850 [DEBUG]  TED predicted 'action_listen' based on user intent.
2024-11-17 03:03:51,851 [DEBUG]  Node 'run_UnexpecTEDIntentPolicy2' running 'UnexpecTEDIntentPolicy.predict_action_probabilities'.
2024-11-17 03:03:51,851 [DEBUG]  Skipping predictions for UnexpecTEDIntentPolicy as either there is no event of type `UserUttered`, event's intent is new and not in domain or there is an event of type `ActionExecuted` after the last `UserUttered`.
2024-11-17 03:03:51,851 [DEBUG]  Node 'select_prediction' running 'DefaultPolicyPredictionEnsemble.combine_predictions_from_kwargs'.
2024-11-17 03:03:51,852 [DEBUG]  Predicted next action using RulePolicy.
2024-11-17 03:03:51,852 [DEBUG]  Predicted next action 'action_listen' with confidence 1.00.
2024-11-17 03:03:51,852 [DEBUG]  [[32m[1mdebug    [0m] [1mprocessor.actions.policy_prediction[0m [36mprediction_events[0m=[35m[][0m
2024-11-17 03:03:51,853 [DEBUG]  [[32m[1mdebug    [0m] [1mprocessor.actions.log         [0m [36maction_name[0m=[35maction_listen[0m [36mrasa_events[0m=[35m[][0m
2024-11-17 03:03:51,853 [DEBUG]  No event broker configured. Skipping streaming events.
2024-11-17 03:03:51,853 [DEBUG]  Deleted lock for conversation 'PractikumStudent'.
2024-11-17 03:04:03,714 [DEBUG]  Issuing ticket for conversation 'PractikumStudent'.
2024-11-17 03:04:03,714 [DEBUG]  Acquiring lock for conversation 'PractikumStudent'.
2024-11-17 03:04:03,715 [DEBUG]  Acquired lock for conversation 'PractikumStudent'.
2024-11-17 03:04:03,715 [DEBUG]  Recreating tracker for id 'PractikumStudent'
2024-11-17 03:04:03,718 [DEBUG]  Running graph with inputs: {'__message__': [<rasa.core.channels.channel.UserMessage object at 0x7ff521fed150>], '__tracker__': <rasa.shared.core.trackers.DialogueStateTracker object at 0x7ff521fecf40>}, targets: ['run_RegexMessageHandler'] and ExecutionContext(model_id='d31c51637f2c4c7c826bd90f56678918', should_add_diagnostic_data=False, is_finetuning=False, node_name=None).
2024-11-17 03:04:03,719 [DEBUG]  Node 'nlu_message_converter' running 'NLUMessageConverter.convert_user_message'.
2024-11-17 03:04:03,719 [DEBUG]  Node 'run_WhitespaceTokenizer0' running 'WhitespaceTokenizer.process'.
2024-11-17 03:04:03,720 [DEBUG]  Node 'run_RegexFeaturizer1' running 'RegexFeaturizer.process'.
2024-11-17 03:04:03,720 [DEBUG]  Node 'run_LexicalSyntacticFeaturizer2' running 'LexicalSyntacticFeaturizer.process'.
2024-11-17 03:04:03,722 [DEBUG]  Node 'run_CountVectorsFeaturizer3' running 'CountVectorsFeaturizer.process'.
2024-11-17 03:04:03,732 [DEBUG]  Node 'run_DIETClassifier4' running 'DIETClassifier.process'.
2024-11-17 03:04:03,754 [DEBUG]  Node 'run_EntitySynonymMapper5' running 'EntitySynonymMapper.process'.
2024-11-17 03:04:03,754 [DEBUG]  Node 'run_ResponseSelector6' running 'ResponseSelector.process'.
2024-11-17 03:04:03,755 [DEBUG]  There is no trained model for 'ResponseSelector': The component is either not trained or didn't receive enough training data.
2024-11-17 03:04:03,755 [DEBUG]  Adding following selector key to message property: default
2024-11-17 03:04:03,755 [DEBUG]  Node 'run_FallbackClassifier7' running 'FallbackClassifier.process'.
2024-11-17 03:04:03,756 [DEBUG]  Node 'domain_provider' running 'DomainProvider.provide_inference'.
2024-11-17 03:04:03,756 [DEBUG]  Node 'run_RegexMessageHandler' running 'RegexMessageHandler.process'.
2024-11-17 03:04:03,757 [DEBUG]  [[32m[1mdebug    [0m] [1mprocessor.message.parse       [0m [36mparse_data_entities[0m=[35m[][0m [36mparse_data_intent[0m=[35m{'name': 'ask_architecture', 'confidence': 0.9999936819076538}[0m [36mparse_data_text[0m=[35mРасскажите об архитектуре ПО[0m
2024-11-17 03:04:03,758 [DEBUG]  Logged UserUtterance - tracker now has 10 events.
2024-11-17 03:04:03,758 [DEBUG]  Validating extracted slots: topic
2024-11-17 03:04:03,759 [DEBUG]  [[32m[1mdebug    [0m] [1mprocessor.extract.slots       [0m [36maction_extract_slot[0m=[35maction_extract_slots[0m [36mlen_extraction_events[0m=[35m1[0m [36mrasa_events[0m=[35m[SlotSet(key: topic, value: Расскажите об архитектуре ПО)][0m
2024-11-17 03:04:03,760 [DEBUG]  Running graph with inputs: {'__tracker__': <rasa.shared.core.trackers.DialogueStateTracker object at 0x7ff521fecf40>}, targets: ['select_prediction'] and ExecutionContext(model_id='d31c51637f2c4c7c826bd90f56678918', should_add_diagnostic_data=False, is_finetuning=False, node_name=None).
2024-11-17 03:04:03,761 [DEBUG]  Node 'rule_only_data_provider' running 'RuleOnlyDataProvider.provide'.
2024-11-17 03:04:03,761 [DEBUG]  Node 'domain_provider' running 'DomainProvider.provide_inference'.
2024-11-17 03:04:03,761 [DEBUG]  Node 'run_MemoizationPolicy0' running 'MemoizationPolicy.predict_action_probabilities'.
2024-11-17 03:04:03,763 [DEBUG]  [[32m[1mdebug    [0m] [1mmemoization.predict.actions   [0m [36mtracker_states[0m=[35m[{}, {'user': {'intent': 'greet'}, 'prev_action': {'action_name': 'action_listen'}}, {'user': {'intent': 'greet'}, 'prev_action': {'action_name': 'utter_greet'}}, {'user': {'intent': 'ask_architecture'}, 'prev_action': {'action_name': 'action_listen'}}][0m
2024-11-17 03:04:03,763 [DEBUG]  There is a memorised next action 'utter_architecture_response'
2024-11-17 03:04:03,764 [DEBUG]  Node 'run_RulePolicy1' running 'RulePolicy.predict_action_probabilities'.
2024-11-17 03:04:03,769 [DEBUG]  [[32m[1mdebug    [0m] [1mrule_policy.actions.find      [0m [36mcurrent_states[0m=[35m
[state 1] user intent: greet | previous action name: action_listen
[state 2] user intent: greet | previous action name: utter_greet
[state 3] user text: Расскажите об архитектуре ПО | previous action name: action_listen[0m
2024-11-17 03:04:03,770 [DEBUG]  There is no applicable rule.
2024-11-17 03:04:03,771 [DEBUG]  [[32m[1mdebug    [0m] [1mrule_policy.actions.find      [0m [36mcurrent_states[0m=[35m
[state 1] user intent: greet | previous action name: action_listen
[state 2] user intent: greet | previous action name: utter_greet
[state 3] user intent: ask_architecture | previous action name: action_listen[0m
2024-11-17 03:04:03,772 [DEBUG]  There is a rule for the next action 'utter_architecture_response'.
2024-11-17 03:04:03,773 [DEBUG]  Node 'run_TEDPolicy3' running 'TEDPolicy.predict_action_probabilities'.
2024-11-17 03:04:03,788 [DEBUG]  TED predicted 'utter_architecture_response' based on user intent.
2024-11-17 03:04:03,789 [DEBUG]  Node 'run_UnexpecTEDIntentPolicy2' running 'UnexpecTEDIntentPolicy.predict_action_probabilities'.
2024-11-17 03:04:03,803 [DEBUG]  Querying for intent `ask_architecture`.
2024-11-17 03:04:03,803 [DEBUG]  Score for intent `ask_architecture` is `1.5395718812942505`, while threshold is `-1.2306487560272217`.
2024-11-17 03:04:03,804 [DEBUG]  Top 5 intents (in ascending order) that are likely here are: `[('nlu_fallback', -1.7214956), ('restart', -1.6058841), ('inform', -1.5649898), ('greet', -1.2611284), ('ask_architecture', 1.5395719)]`.
2024-11-17 03:04:03,805 [DEBUG]  Node 'select_prediction' running 'DefaultPolicyPredictionEnsemble.combine_predictions_from_kwargs'.
2024-11-17 03:04:03,805 [DEBUG]  Made prediction using user intent.
2024-11-17 03:04:03,805 [DEBUG]  Added `DefinePrevUserUtteredFeaturization(False)` event.
2024-11-17 03:04:03,806 [DEBUG]  Predicted next action using RulePolicy.
2024-11-17 03:04:03,806 [DEBUG]  Predicted next action 'utter_architecture_response' with confidence 1.00.
2024-11-17 03:04:03,808 [DEBUG]  [[32m[1mdebug    [0m] [1mprocessor.actions.policy_prediction[0m [36mprediction_events[0m=[35m[<rasa.shared.core.events.DefinePrevUserUtteredFeaturization object at 0x7ff52245a290>][0m
2024-11-17 03:04:03,809 [DEBUG]  [[32m[1mdebug    [0m] [1mprocessor.actions.log         [0m [36maction_name[0m=[35mutter_architecture_response[0m [36mrasa_events[0m=[35m[BotUttered('Архитектура ПО включает выбор структур, которые обеспечивают масштабируемость, гибкость и поддерживаемость приложения. Задайте конкретный вопрос по этой теме, и я помогу вам с информацией.', {"elements": null, "quick_replies": null, "buttons": null, "attachment": null, "image": null, "custom": null}, {"utter_action": "utter_architecture_response"}, 1731787443.807634)][0m
2024-11-17 03:04:03,810 [DEBUG]  Running graph with inputs: {'__tracker__': <rasa.shared.core.trackers.DialogueStateTracker object at 0x7ff521fecf40>}, targets: ['select_prediction'] and ExecutionContext(model_id='d31c51637f2c4c7c826bd90f56678918', should_add_diagnostic_data=False, is_finetuning=False, node_name=None).
2024-11-17 03:04:03,810 [DEBUG]  Node 'rule_only_data_provider' running 'RuleOnlyDataProvider.provide'.
2024-11-17 03:04:03,811 [DEBUG]  Node 'domain_provider' running 'DomainProvider.provide_inference'.
2024-11-17 03:04:03,811 [DEBUG]  Node 'run_MemoizationPolicy0' running 'MemoizationPolicy.predict_action_probabilities'.
2024-11-17 03:04:03,812 [DEBUG]  [[32m[1mdebug    [0m] [1mmemoization.predict.actions   [0m [36mtracker_states[0m=[35m[{}, {'user': {'intent': 'greet'}, 'prev_action': {'action_name': 'action_listen'}}, {'user': {'intent': 'greet'}, 'prev_action': {'action_name': 'utter_greet'}}, {'user': {'intent': 'ask_architecture'}, 'prev_action': {'action_name': 'action_listen'}}, {'user': {'intent': 'ask_architecture'}, 'prev_action': {'action_name': 'utter_architecture_response'}}][0m
2024-11-17 03:04:03,813 [DEBUG]  There is a memorised next action 'action_listen'
2024-11-17 03:04:03,814 [DEBUG]  Node 'run_RulePolicy1' running 'RulePolicy.predict_action_probabilities'.
2024-11-17 03:04:03,815 [DEBUG]  [[32m[1mdebug    [0m] [1mrule_policy.actions.find      [0m [36mcurrent_states[0m=[35m
[state 1] user intent: greet | previous action name: action_listen
[state 2] user intent: greet | previous action name: utter_greet
[state 3] user intent: ask_architecture | previous action name: action_listen
[state 4] user intent: ask_architecture | previous action name: utter_architecture_response[0m
2024-11-17 03:04:03,816 [DEBUG]  There is a rule for the next action 'action_listen'.
2024-11-17 03:04:03,816 [DEBUG]  Node 'run_TEDPolicy3' running 'TEDPolicy.predict_action_probabilities'.
2024-11-17 03:04:03,829 [DEBUG]  TED predicted 'action_listen' based on user intent.
2024-11-17 03:04:03,829 [DEBUG]  Node 'run_UnexpecTEDIntentPolicy2' running 'UnexpecTEDIntentPolicy.predict_action_probabilities'.
2024-11-17 03:04:03,830 [DEBUG]  Skipping predictions for UnexpecTEDIntentPolicy as either there is no event of type `UserUttered`, event's intent is new and not in domain or there is an event of type `ActionExecuted` after the last `UserUttered`.
2024-11-17 03:04:03,830 [DEBUG]  Node 'select_prediction' running 'DefaultPolicyPredictionEnsemble.combine_predictions_from_kwargs'.
2024-11-17 03:04:03,830 [DEBUG]  Predicted next action using RulePolicy.
2024-11-17 03:04:03,831 [DEBUG]  Predicted next action 'action_listen' with confidence 1.00.
2024-11-17 03:04:03,831 [DEBUG]  [[32m[1mdebug    [0m] [1mprocessor.actions.policy_prediction[0m [36mprediction_events[0m=[35m[][0m
2024-11-17 03:04:03,832 [DEBUG]  [[32m[1mdebug    [0m] [1mprocessor.actions.log         [0m [36maction_name[0m=[35maction_listen[0m [36mrasa_events[0m=[35m[][0m
2024-11-17 03:04:03,832 [DEBUG]  No event broker configured. Skipping streaming events.
2024-11-17 03:04:03,832 [DEBUG]  Deleted lock for conversation 'PractikumStudent'.
2024-11-17 03:04:28,919 [DEBUG]  Issuing ticket for conversation 'PractikumStudent'.
2024-11-17 03:04:28,920 [DEBUG]  Acquiring lock for conversation 'PractikumStudent'.
2024-11-17 03:04:28,920 [DEBUG]  Acquired lock for conversation 'PractikumStudent'.
2024-11-17 03:04:28,920 [DEBUG]  Recreating tracker for id 'PractikumStudent'
2024-11-17 03:04:28,927 [DEBUG]  Running graph with inputs: {'__message__': [<rasa.core.channels.channel.UserMessage object at 0x7ff5451ff700>], '__tracker__': <rasa.shared.core.trackers.DialogueStateTracker object at 0x7ff522458070>}, targets: ['run_RegexMessageHandler'] and ExecutionContext(model_id='d31c51637f2c4c7c826bd90f56678918', should_add_diagnostic_data=False, is_finetuning=False, node_name=None).
2024-11-17 03:04:28,928 [DEBUG]  Node 'nlu_message_converter' running 'NLUMessageConverter.convert_user_message'.
2024-11-17 03:04:28,928 [DEBUG]  Node 'run_WhitespaceTokenizer0' running 'WhitespaceTokenizer.process'.
2024-11-17 03:04:28,929 [DEBUG]  Node 'run_RegexFeaturizer1' running 'RegexFeaturizer.process'.
2024-11-17 03:04:28,930 [DEBUG]  Node 'run_LexicalSyntacticFeaturizer2' running 'LexicalSyntacticFeaturizer.process'.
2024-11-17 03:04:28,931 [DEBUG]  Node 'run_CountVectorsFeaturizer3' running 'CountVectorsFeaturizer.process'.
2024-11-17 03:04:28,940 [DEBUG]  Node 'run_DIETClassifier4' running 'DIETClassifier.process'.
2024-11-17 03:04:28,966 [DEBUG]  Node 'run_EntitySynonymMapper5' running 'EntitySynonymMapper.process'.
2024-11-17 03:04:28,967 [DEBUG]  Node 'run_ResponseSelector6' running 'ResponseSelector.process'.
2024-11-17 03:04:28,967 [DEBUG]  There is no trained model for 'ResponseSelector': The component is either not trained or didn't receive enough training data.
2024-11-17 03:04:28,968 [DEBUG]  Adding following selector key to message property: default
2024-11-17 03:04:28,968 [DEBUG]  Node 'run_FallbackClassifier7' running 'FallbackClassifier.process'.
2024-11-17 03:04:28,968 [DEBUG]  Node 'domain_provider' running 'DomainProvider.provide_inference'.
2024-11-17 03:04:28,969 [DEBUG]  Node 'run_RegexMessageHandler' running 'RegexMessageHandler.process'.
2024-11-17 03:04:28,970 [DEBUG]  [[32m[1mdebug    [0m] [1mprocessor.message.parse       [0m [36mparse_data_entities[0m=[35m[][0m [36mparse_data_intent[0m=[35m{'name': 'request_info', 'confidence': 0.9999861717224121}[0m [36mparse_data_text[0m=[35mРасскажите больше об этом[0m
2024-11-17 03:04:28,971 [DEBUG]  Logged UserUtterance - tracker now has 16 events.
2024-11-17 03:04:28,971 [DEBUG]  Validating extracted slots: topic
2024-11-17 03:04:28,972 [DEBUG]  [[32m[1mdebug    [0m] [1mprocessor.extract.slots       [0m [36maction_extract_slot[0m=[35maction_extract_slots[0m [36mlen_extraction_events[0m=[35m1[0m [36mrasa_events[0m=[35m[SlotSet(key: topic, value: Расскажите больше об этом)][0m
2024-11-17 03:04:28,979 [DEBUG]  Running graph with inputs: {'__tracker__': <rasa.shared.core.trackers.DialogueStateTracker object at 0x7ff522458070>}, targets: ['select_prediction'] and ExecutionContext(model_id='d31c51637f2c4c7c826bd90f56678918', should_add_diagnostic_data=False, is_finetuning=False, node_name=None).
2024-11-17 03:04:28,980 [DEBUG]  Node 'rule_only_data_provider' running 'RuleOnlyDataProvider.provide'.
2024-11-17 03:04:28,980 [DEBUG]  Node 'domain_provider' running 'DomainProvider.provide_inference'.
2024-11-17 03:04:28,981 [DEBUG]  Node 'run_MemoizationPolicy0' running 'MemoizationPolicy.predict_action_probabilities'.
2024-11-17 03:04:28,982 [DEBUG]  [[32m[1mdebug    [0m] [1mmemoization.predict.actions   [0m [36mtracker_states[0m=[35m[{}, {'user': {'intent': 'greet'}, 'prev_action': {'action_name': 'action_listen'}}, {'user': {'intent': 'greet'}, 'prev_action': {'action_name': 'utter_greet'}}, {'user': {'intent': 'ask_architecture'}, 'prev_action': {'action_name': 'action_listen'}}, {'user': {'intent': 'ask_architecture'}, 'prev_action': {'action_name': 'utter_architecture_response'}}, {'user': {'intent': 'request_info'}, 'prev_action': {'action_name': 'action_listen'}}][0m
2024-11-17 03:04:28,983 [DEBUG]  There is no memorised next action
2024-11-17 03:04:28,983 [DEBUG]  Node 'run_RulePolicy1' running 'RulePolicy.predict_action_probabilities'.
2024-11-17 03:04:28,984 [DEBUG]  [[32m[1mdebug    [0m] [1mrule_policy.actions.find      [0m [36mcurrent_states[0m=[35m
[state 1] user intent: greet | previous action name: action_listen
[state 2] user intent: greet | previous action name: utter_greet
[state 3] user intent: ask_architecture | previous action name: action_listen
[state 4] user intent: ask_architecture | previous action name: utter_architecture_response
[state 5] user text: Расскажите больше об этом | previous action name: action_listen[0m
2024-11-17 03:04:28,984 [DEBUG]  There is no applicable rule.
2024-11-17 03:04:28,988 [DEBUG]  [[32m[1mdebug    [0m] [1mrule_policy.actions.find      [0m [36mcurrent_states[0m=[35m
[state 1] user intent: greet | previous action name: action_listen
[state 2] user intent: greet | previous action name: utter_greet
[state 3] user intent: ask_architecture | previous action name: action_listen
[state 4] user intent: ask_architecture | previous action name: utter_architecture_response
[state 5] user intent: request_info | previous action name: action_listen[0m
2024-11-17 03:04:28,994 [DEBUG]  There is a rule for the next action 'utter_ask_more'.
2024-11-17 03:04:28,995 [DEBUG]  Node 'run_TEDPolicy3' running 'TEDPolicy.predict_action_probabilities'.
2024-11-17 03:04:29,014 [DEBUG]  TED predicted 'utter_ask_more' based on user intent.
2024-11-17 03:04:29,014 [DEBUG]  Node 'run_UnexpecTEDIntentPolicy2' running 'UnexpecTEDIntentPolicy.predict_action_probabilities'.
2024-11-17 03:04:29,030 [DEBUG]  Querying for intent `request_info`.
2024-11-17 03:04:29,031 [DEBUG]  Score for intent `request_info` is `1.7290242910385132`, while threshold is `-2.0637006759643555`.
2024-11-17 03:04:29,032 [DEBUG]  Top 5 intents (in ascending order) that are likely here are: `[('ask_architecture', -1.277708), ('greet', 1.3834577), ('goodbye', 1.6292686), ('request_info', 1.7290243), ('ask_microservice_architecture', 2.4801128)]`.
2024-11-17 03:04:29,033 [DEBUG]  Node 'select_prediction' running 'DefaultPolicyPredictionEnsemble.combine_predictions_from_kwargs'.
2024-11-17 03:04:29,034 [DEBUG]  Made prediction using user intent.
2024-11-17 03:04:29,034 [DEBUG]  Added `DefinePrevUserUtteredFeaturization(False)` event.
2024-11-17 03:04:29,034 [DEBUG]  Predicted next action using RulePolicy.
2024-11-17 03:04:29,035 [DEBUG]  Predicted next action 'utter_ask_more' with confidence 1.00.
2024-11-17 03:04:29,036 [DEBUG]  [[32m[1mdebug    [0m] [1mprocessor.actions.policy_prediction[0m [36mprediction_events[0m=[35m[<rasa.shared.core.events.DefinePrevUserUtteredFeaturization object at 0x7ff5225f0160>][0m
2024-11-17 03:04:29,036 [DEBUG]  [[32m[1mdebug    [0m] [1mprocessor.actions.log         [0m [36maction_name[0m=[35mutter_ask_more[0m [36mrasa_events[0m=[35m[BotUttered('Что именно вас интересует в архитектуре программного обеспечения?', {"elements": null, "quick_replies": null, "buttons": null, "attachment": null, "image": null, "custom": null}, {"utter_action": "utter_ask_more"}, 1731787469.0358708)][0m
2024-11-17 03:04:29,037 [DEBUG]  Running graph with inputs: {'__tracker__': <rasa.shared.core.trackers.DialogueStateTracker object at 0x7ff522458070>}, targets: ['select_prediction'] and ExecutionContext(model_id='d31c51637f2c4c7c826bd90f56678918', should_add_diagnostic_data=False, is_finetuning=False, node_name=None).
2024-11-17 03:04:29,038 [DEBUG]  Node 'rule_only_data_provider' running 'RuleOnlyDataProvider.provide'.
2024-11-17 03:04:29,038 [DEBUG]  Node 'domain_provider' running 'DomainProvider.provide_inference'.
2024-11-17 03:04:29,038 [DEBUG]  Node 'run_MemoizationPolicy0' running 'MemoizationPolicy.predict_action_probabilities'.
2024-11-17 03:04:29,039 [DEBUG]  [[32m[1mdebug    [0m] [1mmemoization.predict.actions   [0m [36mtracker_states[0m=[35m[{}, {'user': {'intent': 'greet'}, 'prev_action': {'action_name': 'action_listen'}}, {'user': {'intent': 'greet'}, 'prev_action': {'action_name': 'utter_greet'}}, {'user': {'intent': 'ask_architecture'}, 'prev_action': {'action_name': 'action_listen'}}, {'user': {'intent': 'ask_architecture'}, 'prev_action': {'action_name': 'utter_architecture_response'}}, {'user': {'intent': 'request_info'}, 'prev_action': {'action_name': 'action_listen'}}, {'user': {'intent': 'request_info'}, 'prev_action': {'action_name': 'utter_ask_more'}}][0m
2024-11-17 03:04:29,040 [DEBUG]  There is no memorised next action
2024-11-17 03:04:29,041 [DEBUG]  Node 'run_RulePolicy1' running 'RulePolicy.predict_action_probabilities'.
2024-11-17 03:04:29,042 [DEBUG]  [[32m[1mdebug    [0m] [1mrule_policy.actions.find      [0m [36mcurrent_states[0m=[35m
[state 1] user intent: greet | previous action name: action_listen
[state 2] user intent: greet | previous action name: utter_greet
[state 3] user intent: ask_architecture | previous action name: action_listen
[state 4] user intent: ask_architecture | previous action name: utter_architecture_response
[state 5] user intent: request_info | previous action name: action_listen
[state 6] user intent: request_info | previous action name: utter_ask_more[0m
2024-11-17 03:04:29,044 [DEBUG]  There is a rule for the next action 'action_listen'.
2024-11-17 03:04:29,044 [DEBUG]  Node 'run_TEDPolicy3' running 'TEDPolicy.predict_action_probabilities'.
2024-11-17 03:04:29,059 [DEBUG]  TED predicted 'action_listen' based on user intent.
2024-11-17 03:04:29,059 [DEBUG]  Node 'run_UnexpecTEDIntentPolicy2' running 'UnexpecTEDIntentPolicy.predict_action_probabilities'.
2024-11-17 03:04:29,060 [DEBUG]  Skipping predictions for UnexpecTEDIntentPolicy as either there is no event of type `UserUttered`, event's intent is new and not in domain or there is an event of type `ActionExecuted` after the last `UserUttered`.
2024-11-17 03:04:29,060 [DEBUG]  Node 'select_prediction' running 'DefaultPolicyPredictionEnsemble.combine_predictions_from_kwargs'.
2024-11-17 03:04:29,060 [DEBUG]  Predicted next action using RulePolicy.
2024-11-17 03:04:29,060 [DEBUG]  Predicted next action 'action_listen' with confidence 1.00.
2024-11-17 03:04:29,061 [DEBUG]  [[32m[1mdebug    [0m] [1mprocessor.actions.policy_prediction[0m [36mprediction_events[0m=[35m[][0m
2024-11-17 03:04:29,061 [DEBUG]  [[32m[1mdebug    [0m] [1mprocessor.actions.log         [0m [36maction_name[0m=[35maction_listen[0m [36mrasa_events[0m=[35m[][0m
2024-11-17 03:04:29,062 [DEBUG]  No event broker configured. Skipping streaming events.
2024-11-17 03:04:29,062 [DEBUG]  Deleted lock for conversation 'PractikumStudent'.
2024-11-17 03:04:56,632 [DEBUG]  Issuing ticket for conversation 'PractikumStudent'.
2024-11-17 03:04:56,633 [DEBUG]  Acquiring lock for conversation 'PractikumStudent'.
2024-11-17 03:04:56,633 [DEBUG]  Acquired lock for conversation 'PractikumStudent'.
2024-11-17 03:04:56,633 [DEBUG]  Recreating tracker for id 'PractikumStudent'
2024-11-17 03:04:56,638 [DEBUG]  Running graph with inputs: {'__message__': [<rasa.core.channels.channel.UserMessage object at 0x7ff5451fc070>], '__tracker__': <rasa.shared.core.trackers.DialogueStateTracker object at 0x7ff544ace6b0>}, targets: ['run_RegexMessageHandler'] and ExecutionContext(model_id='d31c51637f2c4c7c826bd90f56678918', should_add_diagnostic_data=False, is_finetuning=False, node_name=None).
2024-11-17 03:04:56,639 [DEBUG]  Node 'nlu_message_converter' running 'NLUMessageConverter.convert_user_message'.
2024-11-17 03:04:56,640 [DEBUG]  Node 'run_WhitespaceTokenizer0' running 'WhitespaceTokenizer.process'.
2024-11-17 03:04:56,640 [DEBUG]  Node 'run_RegexFeaturizer1' running 'RegexFeaturizer.process'.
2024-11-17 03:04:56,641 [DEBUG]  Node 'run_LexicalSyntacticFeaturizer2' running 'LexicalSyntacticFeaturizer.process'.
2024-11-17 03:04:56,645 [DEBUG]  Node 'run_CountVectorsFeaturizer3' running 'CountVectorsFeaturizer.process'.
2024-11-17 03:04:56,653 [DEBUG]  Node 'run_DIETClassifier4' running 'DIETClassifier.process'.
2024-11-17 03:04:56,679 [DEBUG]  Node 'run_EntitySynonymMapper5' running 'EntitySynonymMapper.process'.
2024-11-17 03:04:56,679 [DEBUG]  Node 'run_ResponseSelector6' running 'ResponseSelector.process'.
2024-11-17 03:04:56,680 [DEBUG]  There is no trained model for 'ResponseSelector': The component is either not trained or didn't receive enough training data.
2024-11-17 03:04:56,680 [DEBUG]  Adding following selector key to message property: default
2024-11-17 03:04:56,680 [DEBUG]  Node 'run_FallbackClassifier7' running 'FallbackClassifier.process'.
2024-11-17 03:04:56,681 [DEBUG]  Node 'domain_provider' running 'DomainProvider.provide_inference'.
2024-11-17 03:04:56,681 [DEBUG]  Node 'run_RegexMessageHandler' running 'RegexMessageHandler.process'.
2024-11-17 03:04:56,682 [DEBUG]  [[32m[1mdebug    [0m] [1mprocessor.message.parse       [0m [36mparse_data_entities[0m=[35m[][0m [36mparse_data_intent[0m=[35m{'name': 'ask_microservice_architecture', 'confidence': 0.9999486207962036}[0m [36mparse_data_text[0m=[35mЧто такое микросервисы?[0m
2024-11-17 03:04:56,683 [DEBUG]  Logged UserUtterance - tracker now has 22 events.
2024-11-17 03:04:56,684 [DEBUG]  Validating extracted slots: topic
2024-11-17 03:04:56,694 [DEBUG]  [[32m[1mdebug    [0m] [1mprocessor.extract.slots       [0m [36maction_extract_slot[0m=[35maction_extract_slots[0m [36mlen_extraction_events[0m=[35m1[0m [36mrasa_events[0m=[35m[SlotSet(key: topic, value: Что такое микросервисы?)][0m
2024-11-17 03:04:56,695 [DEBUG]  Running graph with inputs: {'__tracker__': <rasa.shared.core.trackers.DialogueStateTracker object at 0x7ff544ace6b0>}, targets: ['select_prediction'] and ExecutionContext(model_id='d31c51637f2c4c7c826bd90f56678918', should_add_diagnostic_data=False, is_finetuning=False, node_name=None).
2024-11-17 03:04:56,695 [DEBUG]  Node 'rule_only_data_provider' running 'RuleOnlyDataProvider.provide'.
2024-11-17 03:04:56,696 [DEBUG]  Node 'domain_provider' running 'DomainProvider.provide_inference'.
2024-11-17 03:04:56,696 [DEBUG]  Node 'run_MemoizationPolicy0' running 'MemoizationPolicy.predict_action_probabilities'.
2024-11-17 03:04:56,698 [DEBUG]  [[32m[1mdebug    [0m] [1mmemoization.predict.actions   [0m [36mtracker_states[0m=[35m[{}, {'user': {'intent': 'greet'}, 'prev_action': {'action_name': 'action_listen'}}, {'user': {'intent': 'greet'}, 'prev_action': {'action_name': 'utter_greet'}}, {'user': {'intent': 'ask_architecture'}, 'prev_action': {'action_name': 'action_listen'}}, {'user': {'intent': 'ask_architecture'}, 'prev_action': {'action_name': 'utter_architecture_response'}}, {'user': {'intent': 'request_info'}, 'prev_action': {'action_name': 'action_listen'}}, {'user': {'intent': 'request_info'}, 'prev_action': {'action_name': 'utter_ask_more'}}, {'user': {'intent': 'ask_microservice_architecture'}, 'prev_action': {'action_name': 'action_listen'}}][0m
2024-11-17 03:04:56,699 [DEBUG]  There is no memorised next action
2024-11-17 03:04:56,699 [DEBUG]  Node 'run_RulePolicy1' running 'RulePolicy.predict_action_probabilities'.
2024-11-17 03:04:56,700 [DEBUG]  [[32m[1mdebug    [0m] [1mrule_policy.actions.find      [0m [36mcurrent_states[0m=[35m
[state 1] user intent: greet | previous action name: action_listen
[state 2] user intent: greet | previous action name: utter_greet
[state 3] user intent: ask_architecture | previous action name: action_listen
[state 4] user intent: ask_architecture | previous action name: utter_architecture_response
[state 5] user intent: request_info | previous action name: action_listen
[state 6] user intent: request_info | previous action name: utter_ask_more
[state 7] user text: Что такое микросервисы? | previous action name: action_listen[0m
2024-11-17 03:04:56,701 [DEBUG]  There is no applicable rule.
2024-11-17 03:04:56,703 [DEBUG]  [[32m[1mdebug    [0m] [1mrule_policy.actions.find      [0m [36mcurrent_states[0m=[35m
[state 1] user intent: greet | previous action name: action_listen
[state 2] user intent: greet | previous action name: utter_greet
[state 3] user intent: ask_architecture | previous action name: action_listen
[state 4] user intent: ask_architecture | previous action name: utter_architecture_response
[state 5] user intent: request_info | previous action name: action_listen
[state 6] user intent: request_info | previous action name: utter_ask_more
[state 7] user intent: ask_microservice_architecture | previous action name: action_listen[0m
2024-11-17 03:04:56,704 [DEBUG]  There is a rule for the next action 'utter_microservice_architecture_response'.
2024-11-17 03:04:56,704 [DEBUG]  Node 'run_TEDPolicy3' running 'TEDPolicy.predict_action_probabilities'.
2024-11-17 03:04:56,721 [DEBUG]  TED predicted 'utter_microservice_architecture_response' based on user intent.
2024-11-17 03:04:56,722 [DEBUG]  Node 'run_UnexpecTEDIntentPolicy2' running 'UnexpecTEDIntentPolicy.predict_action_probabilities'.
2024-11-17 03:04:56,736 [DEBUG]  Querying for intent `ask_microservice_architecture`.
2024-11-17 03:04:56,737 [DEBUG]  Score for intent `ask_microservice_architecture` is `2.5491244792938232`, while threshold is `-1.981095314025879`.
2024-11-17 03:04:56,737 [DEBUG]  Top 5 intents (in ascending order) that are likely here are: `[('ask_architecture', -1.3597821), ('greet', 1.4317387), ('goodbye', 1.6816351), ('request_info', 1.7662532), ('ask_microservice_architecture', 2.5491245)]`.
2024-11-17 03:04:56,738 [DEBUG]  Node 'select_prediction' running 'DefaultPolicyPredictionEnsemble.combine_predictions_from_kwargs'.
2024-11-17 03:04:56,739 [DEBUG]  Made prediction using user intent.
2024-11-17 03:04:56,739 [DEBUG]  Added `DefinePrevUserUtteredFeaturization(False)` event.
2024-11-17 03:04:56,740 [DEBUG]  Predicted next action using RulePolicy.
2024-11-17 03:04:56,741 [DEBUG]  Predicted next action 'utter_microservice_architecture_response' with confidence 1.00.
2024-11-17 03:04:56,742 [DEBUG]  [[32m[1mdebug    [0m] [1mprocessor.actions.policy_prediction[0m [36mprediction_events[0m=[35m[<rasa.shared.core.events.DefinePrevUserUtteredFeaturization object at 0x7ff5225f2f50>][0m
2024-11-17 03:04:56,743 [DEBUG]  [[32m[1mdebug    [0m] [1mprocessor.actions.log         [0m [36maction_name[0m=[35mutter_microservice_architecture_response[0m [36mrasa_events[0m=[35m[BotUttered('Микросервисная архитектура (микросервисы) — это вариант сервис-ориентированной архитектуры программного обеспечения, направленный на взаимодействие насколько это возможно небольших, слабо связанных и легко изменяемых модулей — микросервисов, получивший распространение в середине 2010-х годов в связи с развитием практик гибкой разработки и DevOps.', {"elements": null, "quick_replies": null, "buttons": null, "attachment": null, "image": null, "custom": null}, {"utter_action": "utter_microservice_architecture_response"}, 1731787496.7421367)][0m
2024-11-17 03:04:56,744 [DEBUG]  Running graph with inputs: {'__tracker__': <rasa.shared.core.trackers.DialogueStateTracker object at 0x7ff544ace6b0>}, targets: ['select_prediction'] and ExecutionContext(model_id='d31c51637f2c4c7c826bd90f56678918', should_add_diagnostic_data=False, is_finetuning=False, node_name=None).
2024-11-17 03:04:56,745 [DEBUG]  Node 'rule_only_data_provider' running 'RuleOnlyDataProvider.provide'.
2024-11-17 03:04:56,745 [DEBUG]  Node 'domain_provider' running 'DomainProvider.provide_inference'.
2024-11-17 03:04:56,746 [DEBUG]  Node 'run_MemoizationPolicy0' running 'MemoizationPolicy.predict_action_probabilities'.
2024-11-17 03:04:56,748 [DEBUG]  [[32m[1mdebug    [0m] [1mmemoization.predict.actions   [0m [36mtracker_states[0m=[35m[{}, {'user': {'intent': 'greet'}, 'prev_action': {'action_name': 'action_listen'}}, {'user': {'intent': 'greet'}, 'prev_action': {'action_name': 'utter_greet'}}, {'user': {'intent': 'ask_architecture'}, 'prev_action': {'action_name': 'action_listen'}}, {'user': {'intent': 'ask_architecture'}, 'prev_action': {'action_name': 'utter_architecture_response'}}, {'user': {'intent': 'request_info'}, 'prev_action': {'action_name': 'action_listen'}}, {'user': {'intent': 'request_info'}, 'prev_action': {'action_name': 'utter_ask_more'}}, {'user': {'intent': 'ask_microservice_architecture'}, 'prev_action': {'action_name': 'action_listen'}}, {'user': {'intent': 'ask_microservice_architecture'}, 'prev_action': {'action_name': 'utter_microservice_architecture_response'}}][0m
2024-11-17 03:04:56,748 [DEBUG]  There is no memorised next action
2024-11-17 03:04:56,749 [DEBUG]  Node 'run_RulePolicy1' running 'RulePolicy.predict_action_probabilities'.
2024-11-17 03:04:56,750 [DEBUG]  [[32m[1mdebug    [0m] [1mrule_policy.actions.find      [0m [36mcurrent_states[0m=[35m
[state 1] user intent: greet | previous action name: action_listen
[state 2] user intent: greet | previous action name: utter_greet
[state 3] user intent: ask_architecture | previous action name: action_listen
[state 4] user intent: ask_architecture | previous action name: utter_architecture_response
[state 5] user intent: request_info | previous action name: action_listen
[state 6] user intent: request_info | previous action name: utter_ask_more
[state 7] user intent: ask_microservice_architecture | previous action name: action_listen
[state 8] user intent: ask_microservice_architecture | previous action name: utter_microservice_architecture_response[0m
2024-11-17 03:04:56,751 [DEBUG]  There is a rule for the next action 'action_listen'.
2024-11-17 03:04:56,751 [DEBUG]  Node 'run_TEDPolicy3' running 'TEDPolicy.predict_action_probabilities'.
2024-11-17 03:04:56,769 [DEBUG]  TED predicted 'action_listen' based on user intent.
2024-11-17 03:04:56,769 [DEBUG]  Node 'run_UnexpecTEDIntentPolicy2' running 'UnexpecTEDIntentPolicy.predict_action_probabilities'.
2024-11-17 03:04:56,770 [DEBUG]  Skipping predictions for UnexpecTEDIntentPolicy as either there is no event of type `UserUttered`, event's intent is new and not in domain or there is an event of type `ActionExecuted` after the last `UserUttered`.
2024-11-17 03:04:56,770 [DEBUG]  Node 'select_prediction' running 'DefaultPolicyPredictionEnsemble.combine_predictions_from_kwargs'.
2024-11-17 03:04:56,770 [DEBUG]  Predicted next action using RulePolicy.
2024-11-17 03:04:56,771 [DEBUG]  Predicted next action 'action_listen' with confidence 1.00.
2024-11-17 03:04:56,771 [DEBUG]  [[32m[1mdebug    [0m] [1mprocessor.actions.policy_prediction[0m [36mprediction_events[0m=[35m[][0m
2024-11-17 03:04:56,771 [DEBUG]  [[32m[1mdebug    [0m] [1mprocessor.actions.log         [0m [36maction_name[0m=[35maction_listen[0m [36mrasa_events[0m=[35m[][0m
2024-11-17 03:04:56,772 [DEBUG]  No event broker configured. Skipping streaming events.
2024-11-17 03:04:56,772 [DEBUG]  Deleted lock for conversation 'PractikumStudent'.
2024-11-17 03:05:07,642 [DEBUG]  Issuing ticket for conversation 'PractikumStudent'.
2024-11-17 03:05:07,643 [DEBUG]  Acquiring lock for conversation 'PractikumStudent'.
2024-11-17 03:05:07,643 [DEBUG]  Acquired lock for conversation 'PractikumStudent'.
2024-11-17 03:05:07,643 [DEBUG]  Recreating tracker for id 'PractikumStudent'
2024-11-17 03:05:07,648 [DEBUG]  Running graph with inputs: {'__message__': [<rasa.core.channels.channel.UserMessage object at 0x7ff5451ff700>], '__tracker__': <rasa.shared.core.trackers.DialogueStateTracker object at 0x7ff521fef7c0>}, targets: ['run_RegexMessageHandler'] and ExecutionContext(model_id='d31c51637f2c4c7c826bd90f56678918', should_add_diagnostic_data=False, is_finetuning=False, node_name=None).
2024-11-17 03:05:07,649 [DEBUG]  Node 'nlu_message_converter' running 'NLUMessageConverter.convert_user_message'.
2024-11-17 03:05:07,650 [DEBUG]  Node 'run_WhitespaceTokenizer0' running 'WhitespaceTokenizer.process'.
2024-11-17 03:05:07,650 [DEBUG]  Node 'run_RegexFeaturizer1' running 'RegexFeaturizer.process'.
2024-11-17 03:05:07,651 [DEBUG]  Node 'run_LexicalSyntacticFeaturizer2' running 'LexicalSyntacticFeaturizer.process'.
2024-11-17 03:05:07,651 [DEBUG]  Node 'run_CountVectorsFeaturizer3' running 'CountVectorsFeaturizer.process'.
2024-11-17 03:05:07,652 [DEBUG]  Node 'run_DIETClassifier4' running 'DIETClassifier.process'.
2024-11-17 03:05:07,666 [DEBUG]  Node 'run_EntitySynonymMapper5' running 'EntitySynonymMapper.process'.
2024-11-17 03:05:07,667 [DEBUG]  Node 'run_ResponseSelector6' running 'ResponseSelector.process'.
2024-11-17 03:05:07,667 [DEBUG]  There is no trained model for 'ResponseSelector': The component is either not trained or didn't receive enough training data.
2024-11-17 03:05:07,667 [DEBUG]  Adding following selector key to message property: default
2024-11-17 03:05:07,668 [DEBUG]  Node 'run_FallbackClassifier7' running 'FallbackClassifier.process'.
2024-11-17 03:05:07,668 [DEBUG]  Node 'domain_provider' running 'DomainProvider.provide_inference'.
2024-11-17 03:05:07,669 [DEBUG]  Node 'run_RegexMessageHandler' running 'RegexMessageHandler.process'.
2024-11-17 03:05:07,669 [DEBUG]  [[32m[1mdebug    [0m] [1mprocessor.message.parse       [0m [36mparse_data_entities[0m=[35m[][0m [36mparse_data_intent[0m=[35m{'name': 'goodbye', 'confidence': 0.999998927116394}[0m [36mparse_data_text[0m=[35mПока[0m
2024-11-17 03:05:07,670 [DEBUG]  Logged UserUtterance - tracker now has 28 events.
2024-11-17 03:05:07,670 [DEBUG]  Validating extracted slots: topic
2024-11-17 03:05:07,671 [DEBUG]  [[32m[1mdebug    [0m] [1mprocessor.extract.slots       [0m [36maction_extract_slot[0m=[35maction_extract_slots[0m [36mlen_extraction_events[0m=[35m1[0m [36mrasa_events[0m=[35m[SlotSet(key: topic, value: Пока)][0m
2024-11-17 03:05:07,672 [DEBUG]  Running graph with inputs: {'__tracker__': <rasa.shared.core.trackers.DialogueStateTracker object at 0x7ff521fef7c0>}, targets: ['select_prediction'] and ExecutionContext(model_id='d31c51637f2c4c7c826bd90f56678918', should_add_diagnostic_data=False, is_finetuning=False, node_name=None).
2024-11-17 03:05:07,673 [DEBUG]  Node 'rule_only_data_provider' running 'RuleOnlyDataProvider.provide'.
2024-11-17 03:05:07,674 [DEBUG]  Node 'domain_provider' running 'DomainProvider.provide_inference'.
2024-11-17 03:05:07,676 [DEBUG]  Node 'run_MemoizationPolicy0' running 'MemoizationPolicy.predict_action_probabilities'.
2024-11-17 03:05:07,677 [DEBUG]  [[32m[1mdebug    [0m] [1mmemoization.predict.actions   [0m [36mtracker_states[0m=[35m[{}, {'user': {'intent': 'greet'}, 'prev_action': {'action_name': 'action_listen'}}, {'user': {'intent': 'greet'}, 'prev_action': {'action_name': 'utter_greet'}}, {'user': {'intent': 'ask_architecture'}, 'prev_action': {'action_name': 'action_listen'}}, {'user': {'intent': 'ask_architecture'}, 'prev_action': {'action_name': 'utter_architecture_response'}}, {'user': {'intent': 'request_info'}, 'prev_action': {'action_name': 'action_listen'}}, {'user': {'intent': 'request_info'}, 'prev_action': {'action_name': 'utter_ask_more'}}, {'user': {'intent': 'ask_microservice_architecture'}, 'prev_action': {'action_name': 'action_listen'}}, {'user': {'intent': 'ask_microservice_architecture'}, 'prev_action': {'action_name': 'utter_microservice_architecture_response'}}, {'user': {'intent': 'goodbye'}, 'prev_action': {'action_name': 'action_listen'}}][0m
2024-11-17 03:05:07,678 [DEBUG]  There is no memorised next action
2024-11-17 03:05:07,679 [DEBUG]  Node 'run_RulePolicy1' running 'RulePolicy.predict_action_probabilities'.
2024-11-17 03:05:07,681 [DEBUG]  [[32m[1mdebug    [0m] [1mrule_policy.actions.find      [0m [36mcurrent_states[0m=[35m
[state 1] user intent: greet | previous action name: action_listen
[state 2] user intent: greet | previous action name: utter_greet
[state 3] user intent: ask_architecture | previous action name: action_listen
[state 4] user intent: ask_architecture | previous action name: utter_architecture_response
[state 5] user intent: request_info | previous action name: action_listen
[state 6] user intent: request_info | previous action name: utter_ask_more
[state 7] user intent: ask_microservice_architecture | previous action name: action_listen
[state 8] user intent: ask_microservice_architecture | previous action name: utter_microservice_architecture_response
[state 9] user text: Пока | previous action name: action_listen[0m
2024-11-17 03:05:07,682 [DEBUG]  There is no applicable rule.
2024-11-17 03:05:07,683 [DEBUG]  [[32m[1mdebug    [0m] [1mrule_policy.actions.find      [0m [36mcurrent_states[0m=[35m
[state 1] user intent: greet | previous action name: action_listen
[state 2] user intent: greet | previous action name: utter_greet
[state 3] user intent: ask_architecture | previous action name: action_listen
[state 4] user intent: ask_architecture | previous action name: utter_architecture_response
[state 5] user intent: request_info | previous action name: action_listen
[state 6] user intent: request_info | previous action name: utter_ask_more
[state 7] user intent: ask_microservice_architecture | previous action name: action_listen
[state 8] user intent: ask_microservice_architecture | previous action name: utter_microservice_architecture_response
[state 9] user intent: goodbye | previous action name: action_listen[0m
2024-11-17 03:05:07,684 [DEBUG]  There is a rule for the next action 'utter_goodbye'.
2024-11-17 03:05:07,684 [DEBUG]  Node 'run_TEDPolicy3' running 'TEDPolicy.predict_action_probabilities'.
2024-11-17 03:05:07,709 [DEBUG]  TED predicted 'utter_goodbye' based on user intent.
2024-11-17 03:05:07,716 [DEBUG]  Node 'run_UnexpecTEDIntentPolicy2' running 'UnexpecTEDIntentPolicy.predict_action_probabilities'.
2024-11-17 03:05:07,750 [DEBUG]  Querying for intent `goodbye`.
2024-11-17 03:05:07,750 [DEBUG]  Score for intent `goodbye` is `1.6689765453338623`, while threshold is `-2.630847454071045`.
2024-11-17 03:05:07,750 [DEBUG]  Top 5 intents (in ascending order) that are likely here are: `[('ask_architecture', -1.3305795), ('greet', 1.3974777), ('goodbye', 1.6689765), ('request_info', 1.7336085), ('ask_microservice_architecture', 2.4904745)]`.
2024-11-17 03:05:07,751 [DEBUG]  Node 'select_prediction' running 'DefaultPolicyPredictionEnsemble.combine_predictions_from_kwargs'.
2024-11-17 03:05:07,752 [DEBUG]  Made prediction using user intent.
2024-11-17 03:05:07,752 [DEBUG]  Added `DefinePrevUserUtteredFeaturization(False)` event.
2024-11-17 03:05:07,752 [DEBUG]  Predicted next action using RulePolicy.
2024-11-17 03:05:07,753 [DEBUG]  Predicted next action 'utter_goodbye' with confidence 1.00.
2024-11-17 03:05:07,762 [DEBUG]  [[32m[1mdebug    [0m] [1mprocessor.actions.policy_prediction[0m [36mprediction_events[0m=[35m[<rasa.shared.core.events.DefinePrevUserUtteredFeaturization object at 0x7ff521fed150>][0m
2024-11-17 03:05:07,762 [DEBUG]  [[32m[1mdebug    [0m] [1mprocessor.actions.log         [0m [36maction_name[0m=[35mutter_goodbye[0m [36mrasa_events[0m=[35m[BotUttered('До свидания! Если появятся вопросы по архитектуре ПО, обращайтесь.', {"elements": null, "quick_replies": null, "buttons": null, "attachment": null, "image": null, "custom": null}, {"utter_action": "utter_goodbye"}, 1731787507.7616842)][0m
2024-11-17 03:05:07,763 [DEBUG]  Running graph with inputs: {'__tracker__': <rasa.shared.core.trackers.DialogueStateTracker object at 0x7ff521fef7c0>}, targets: ['select_prediction'] and ExecutionContext(model_id='d31c51637f2c4c7c826bd90f56678918', should_add_diagnostic_data=False, is_finetuning=False, node_name=None).
2024-11-17 03:05:07,764 [DEBUG]  Node 'rule_only_data_provider' running 'RuleOnlyDataProvider.provide'.
2024-11-17 03:05:07,764 [DEBUG]  Node 'domain_provider' running 'DomainProvider.provide_inference'.
2024-11-17 03:05:07,765 [DEBUG]  Node 'run_MemoizationPolicy0' running 'MemoizationPolicy.predict_action_probabilities'.
2024-11-17 03:05:07,775 [DEBUG]  [[32m[1mdebug    [0m] [1mmemoization.predict.actions   [0m [36mtracker_states[0m=[35m[{}, {'user': {'intent': 'greet'}, 'prev_action': {'action_name': 'action_listen'}}, {'user': {'intent': 'greet'}, 'prev_action': {'action_name': 'utter_greet'}}, {'user': {'intent': 'ask_architecture'}, 'prev_action': {'action_name': 'action_listen'}}, {'user': {'intent': 'ask_architecture'}, 'prev_action': {'action_name': 'utter_architecture_response'}}, {'user': {'intent': 'request_info'}, 'prev_action': {'action_name': 'action_listen'}}, {'user': {'intent': 'request_info'}, 'prev_action': {'action_name': 'utter_ask_more'}}, {'user': {'intent': 'ask_microservice_architecture'}, 'prev_action': {'action_name': 'action_listen'}}, {'user': {'intent': 'ask_microservice_architecture'}, 'prev_action': {'action_name': 'utter_microservice_architecture_response'}}, {'user': {'intent': 'goodbye'}, 'prev_action': {'action_name': 'action_listen'}}, {'user': {'intent': 'goodbye'}, 'prev_action': {'action_name': 'utter_goodbye'}}][0m
2024-11-17 03:05:07,776 [DEBUG]  There is no memorised next action
2024-11-17 03:05:07,776 [DEBUG]  Node 'run_RulePolicy1' running 'RulePolicy.predict_action_probabilities'.
2024-11-17 03:05:07,778 [DEBUG]  [[32m[1mdebug    [0m] [1mrule_policy.actions.find      [0m [36mcurrent_states[0m=[35m
[state 1] user intent: greet | previous action name: action_listen
[state 2] user intent: greet | previous action name: utter_greet
[state 3] user intent: ask_architecture | previous action name: action_listen
[state 4] user intent: ask_architecture | previous action name: utter_architecture_response
[state 5] user intent: request_info | previous action name: action_listen
[state 6] user intent: request_info | previous action name: utter_ask_more
[state 7] user intent: ask_microservice_architecture | previous action name: action_listen
[state 8] user intent: ask_microservice_architecture | previous action name: utter_microservice_architecture_response
[state 9] user intent: goodbye | previous action name: action_listen
[state 10] user intent: goodbye | previous action name: utter_goodbye[0m
2024-11-17 03:05:07,778 [DEBUG]  There is a rule for the next action 'action_listen'.
2024-11-17 03:05:07,779 [DEBUG]  Node 'run_TEDPolicy3' running 'TEDPolicy.predict_action_probabilities'.
2024-11-17 03:05:07,798 [DEBUG]  TED predicted 'action_listen' based on user intent.
2024-11-17 03:05:07,799 [DEBUG]  Node 'run_UnexpecTEDIntentPolicy2' running 'UnexpecTEDIntentPolicy.predict_action_probabilities'.
2024-11-17 03:05:07,799 [DEBUG]  Skipping predictions for UnexpecTEDIntentPolicy as either there is no event of type `UserUttered`, event's intent is new and not in domain or there is an event of type `ActionExecuted` after the last `UserUttered`.
2024-11-17 03:05:07,800 [DEBUG]  Node 'select_prediction' running 'DefaultPolicyPredictionEnsemble.combine_predictions_from_kwargs'.
2024-11-17 03:05:07,800 [DEBUG]  Predicted next action using RulePolicy.
2024-11-17 03:05:07,801 [DEBUG]  Predicted next action 'action_listen' with confidence 1.00.
2024-11-17 03:05:07,801 [DEBUG]  [[32m[1mdebug    [0m] [1mprocessor.actions.policy_prediction[0m [36mprediction_events[0m=[35m[][0m
2024-11-17 03:05:07,802 [DEBUG]  [[32m[1mdebug    [0m] [1mprocessor.actions.log         [0m [36maction_name[0m=[35maction_listen[0m [36mrasa_events[0m=[35m[][0m
2024-11-17 03:05:07,802 [DEBUG]  No event broker configured. Skipping streaming events.
2024-11-17 03:05:07,803 [DEBUG]  Deleted lock for conversation 'PractikumStudent'.
